The system is: Windows - 10.0.19041 - AMD64
Compiling the C compiler identification source file "CMakeCCompilerId.c" succeeded.
Compiler: C:/Program Files (x86)/Microsoft Visual Studio/2019/Community/VC/Tools/MSVC/14.27.29110/bin/Hostx64/x64/cl.exe 
Build flags: 
Id flags:  

The output was:
0
Compilador de optimización de C/C++ de Microsoft (R) versión 19.27.29111 para x64
(C) Microsoft Corporation. Todos los derechos reservados.

CMakeCCompilerId.c
Microsoft (R) Incremental Linker Version 14.27.29111.0
Copyright (C) Microsoft Corporation.  All rights reserved.

/out:CMakeCCompilerId.exe 
CMakeCCompilerId.obj 


Compilation of the C compiler identification source "CMakeCCompilerId.c" produced "CMakeCCompilerId.exe"

Compilation of the C compiler identification source "CMakeCCompilerId.c" produced "CMakeCCompilerId.obj"

The C compiler identification is MSVC, found in "C:/GitHub/PROYECTO-III-GOT/vcpkg-master/ports/modp-base64/out/build/x64-Debug (predeterminado)/CMakeFiles/3.17.20032601-MSVC_2/CompilerIdC/CMakeCCompilerId.exe"

Determining if the C compiler works passed with the following output:
Change Dir: C:/GitHub/PROYECTO-III-GOT/vcpkg-master/ports/modp-base64/out/build/x64-Debug (predeterminado)/CMakeFiles/CMakeTmp

Run Build Command(s):C:/Program Files (x86)/Microsoft Visual Studio/2019/Community/Common7/IDE/CommonExtensions/Microsoft/CMake/Ninja/ninja.exe cmTC_32e73 && [1/2] Building C object CMakeFiles\cmTC_32e73.dir\testCCompiler.c.obj
[2/2] Linking C executable cmTC_32e73.exe



Detecting C compiler ABI info compiled with the following output:
Change Dir: C:/GitHub/PROYECTO-III-GOT/vcpkg-master/ports/modp-base64/out/build/x64-Debug (predeterminado)/CMakeFiles/CMakeTmp

Run Build Command(s):C:/Program Files (x86)/Microsoft Visual Studio/2019/Community/Common7/IDE/CommonExtensions/Microsoft/CMake/Ninja/ninja.exe cmTC_26bb7 && [1/2] Building C object CMakeFiles\cmTC_26bb7.dir\CMakeCCompilerABI.c.obj
Nota: inclusión del archivo: C:\Program Files (x86)\Microsoft Visual Studio\2019\Community\Common7\IDE\CommonExtensions\Microsoft\CMake\CMake\share\cmake-3.17\Modules\CMakeCompilerABI.h
[2/2] Linking C executable cmTC_26bb7.exe



