The system is: Windows - 10.0.19041 - AMD64
Compiling the C compiler identification source file "CMakeCCompilerId.c" succeeded.
Compiler: C:/Program Files (x86)/Microsoft Visual Studio/2019/Community/VC/Tools/MSVC/14.27.29110/bin/Hostx64/x64/cl.exe 
Build flags: 
Id flags:  

The output was:
0
Compilador de optimización de C/C++ de Microsoft (R) versión 19.27.29111 para x64
(C) Microsoft Corporation. Todos los derechos reservados.

CMakeCCompilerId.c
Microsoft (R) Incremental Linker Version 14.27.29111.0
Copyright (C) Microsoft Corporation.  All rights reserved.

/out:CMakeCCompilerId.exe 
CMakeCCompilerId.obj 


Compilation of the C compiler identification source "CMakeCCompilerId.c" produced "CMakeCCompilerId.exe"

Compilation of the C compiler identification source "CMakeCCompilerId.c" produced "CMakeCCompilerId.obj"

The C compiler identification is MSVC, found in "C:/GitHub/PROYECTO-III-GOT/vcpkg-master/ports/libexif/out/build/x64-Debug (predeterminado)/CMakeFiles/3.17.20032601-MSVC_2/CompilerIdC/CMakeCCompilerId.exe"

Determining if the C compiler works passed with the following output:
Change Dir: C:/GitHub/PROYECTO-III-GOT/vcpkg-master/ports/libexif/out/build/x64-Debug (predeterminado)/CMakeFiles/CMakeTmp

Run Build Command(s):C:/Program Files (x86)/Microsoft Visual Studio/2019/Community/Common7/IDE/CommonExtensions/Microsoft/CMake/Ninja/ninja.exe cmTC_c86e2 && [1/2] Building C object CMakeFiles\cmTC_c86e2.dir\testCCompiler.c.obj
[2/2] Linking C executable cmTC_c86e2.exe



Detecting C compiler ABI info compiled with the following output:
Change Dir: C:/GitHub/PROYECTO-III-GOT/vcpkg-master/ports/libexif/out/build/x64-Debug (predeterminado)/CMakeFiles/CMakeTmp

Run Build Command(s):C:/Program Files (x86)/Microsoft Visual Studio/2019/Community/Common7/IDE/CommonExtensions/Microsoft/CMake/Ninja/ninja.exe cmTC_4b894 && [1/2] Building C object CMakeFiles\cmTC_4b894.dir\CMakeCCompilerABI.c.obj
Nota: inclusión del archivo: C:\Program Files (x86)\Microsoft Visual Studio\2019\Community\Common7\IDE\CommonExtensions\Microsoft\CMake\CMake\share\cmake-3.17\Modules\CMakeCompilerABI.h
[2/2] Linking C executable cmTC_4b894.exe



Determining if the include file inttypes.h exists passed with the following output:
Change Dir: C:/GitHub/PROYECTO-III-GOT/vcpkg-master/ports/libexif/out/build/x64-Debug (predeterminado)/CMakeFiles/CMakeTmp

Run Build Command(s):C:/Program Files (x86)/Microsoft Visual Studio/2019/Community/Common7/IDE/CommonExtensions/Microsoft/CMake/Ninja/ninja.exe cmTC_1c61a && [1/2] Building C object CMakeFiles\cmTC_1c61a.dir\CheckIncludeFile.c.obj
Nota: inclusión del archivo: C:\Program Files (x86)\Windows Kits\10\include\10.0.18362.0\ucrt\inttypes.h
Nota: inclusión del archivo:  C:\Program Files (x86)\Windows Kits\10\include\10.0.18362.0\ucrt\corecrt.h
Nota: inclusión del archivo:   C:\Program Files (x86)\Microsoft Visual Studio\2019\Community\VC\Tools\MSVC\14.27.29110\include\vcruntime.h
Nota: inclusión del archivo:    C:\Program Files (x86)\Microsoft Visual Studio\2019\Community\VC\Tools\MSVC\14.27.29110\include\sal.h
Nota: inclusión del archivo:     C:\Program Files (x86)\Microsoft Visual Studio\2019\Community\VC\Tools\MSVC\14.27.29110\include\concurrencysal.h
Nota: inclusión del archivo:    C:\Program Files (x86)\Microsoft Visual Studio\2019\Community\VC\Tools\MSVC\14.27.29110\include\vadefs.h
Nota: inclusión del archivo:  C:\Program Files (x86)\Microsoft Visual Studio\2019\Community\VC\Tools\MSVC\14.27.29110\include\stdint.h
[2/2] Linking C executable cmTC_1c61a.exe



Determining if the include file memory.h exists passed with the following output:
Change Dir: C:/GitHub/PROYECTO-III-GOT/vcpkg-master/ports/libexif/out/build/x64-Debug (predeterminado)/CMakeFiles/CMakeTmp

Run Build Command(s):C:/Program Files (x86)/Microsoft Visual Studio/2019/Community/Common7/IDE/CommonExtensions/Microsoft/CMake/Ninja/ninja.exe cmTC_4cd58 && [1/2] Building C object CMakeFiles\cmTC_4cd58.dir\CheckIncludeFile.c.obj
Nota: inclusión del archivo: C:\Program Files (x86)\Windows Kits\10\include\10.0.18362.0\ucrt\memory.h
Nota: inclusión del archivo:  C:\Program Files (x86)\Windows Kits\10\include\10.0.18362.0\ucrt\corecrt_memory.h
Nota: inclusión del archivo:   C:\Program Files (x86)\Windows Kits\10\include\10.0.18362.0\ucrt\corecrt.h
Nota: inclusión del archivo:    C:\Program Files (x86)\Microsoft Visual Studio\2019\Community\VC\Tools\MSVC\14.27.29110\include\vcruntime.h
Nota: inclusión del archivo:     C:\Program Files (x86)\Microsoft Visual Studio\2019\Community\VC\Tools\MSVC\14.27.29110\include\sal.h
Nota: inclusión del archivo:      C:\Program Files (x86)\Microsoft Visual Studio\2019\Community\VC\Tools\MSVC\14.27.29110\include\concurrencysal.h
Nota: inclusión del archivo:     C:\Program Files (x86)\Microsoft Visual Studio\2019\Community\VC\Tools\MSVC\14.27.29110\include\vadefs.h
Nota: inclusión del archivo:   C:\Program Files (x86)\Windows Kits\10\include\10.0.18362.0\ucrt\corecrt_memcpy_s.h
Nota: inclusión del archivo:    C:\Program Files (x86)\Windows Kits\10\include\10.0.18362.0\ucrt\errno.h
Nota: inclusión del archivo:    C:\Program Files (x86)\Microsoft Visual Studio\2019\Community\VC\Tools\MSVC\14.27.29110\include\vcruntime_string.h
[2/2] Linking C executable cmTC_4cd58.exe



Determining if the include file stdint.h exists passed with the following output:
Change Dir: C:/GitHub/PROYECTO-III-GOT/vcpkg-master/ports/libexif/out/build/x64-Debug (predeterminado)/CMakeFiles/CMakeTmp

Run Build Command(s):C:/Program Files (x86)/Microsoft Visual Studio/2019/Community/Common7/IDE/CommonExtensions/Microsoft/CMake/Ninja/ninja.exe cmTC_0a5d3 && [1/2] Building C object CMakeFiles\cmTC_0a5d3.dir\CheckIncludeFile.c.obj
Nota: inclusión del archivo: C:\Program Files (x86)\Microsoft Visual Studio\2019\Community\VC\Tools\MSVC\14.27.29110\include\stdint.h
Nota: inclusión del archivo:  C:\Program Files (x86)\Microsoft Visual Studio\2019\Community\VC\Tools\MSVC\14.27.29110\include\vcruntime.h
Nota: inclusión del archivo:   C:\Program Files (x86)\Microsoft Visual Studio\2019\Community\VC\Tools\MSVC\14.27.29110\include\sal.h
Nota: inclusión del archivo:    C:\Program Files (x86)\Microsoft Visual Studio\2019\Community\VC\Tools\MSVC\14.27.29110\include\concurrencysal.h
Nota: inclusión del archivo:   C:\Program Files (x86)\Microsoft Visual Studio\2019\Community\VC\Tools\MSVC\14.27.29110\include\vadefs.h
[2/2] Linking C executable cmTC_0a5d3.exe



Determining if the include file stdlib.h exists passed with the following output:
Change Dir: C:/GitHub/PROYECTO-III-GOT/vcpkg-master/ports/libexif/out/build/x64-Debug (predeterminado)/CMakeFiles/CMakeTmp

Run Build Command(s):C:/Program Files (x86)/Microsoft Visual Studio/2019/Community/Common7/IDE/CommonExtensions/Microsoft/CMake/Ninja/ninja.exe cmTC_a92bd && [1/2] Building C object CMakeFiles\cmTC_a92bd.dir\CheckIncludeFile.c.obj
Nota: inclusión del archivo: C:\Program Files (x86)\Windows Kits\10\include\10.0.18362.0\ucrt\stdlib.h
Nota: inclusión del archivo:  C:\Program Files (x86)\Windows Kits\10\include\10.0.18362.0\ucrt\corecrt.h
Nota: inclusión del archivo:   C:\Program Files (x86)\Microsoft Visual Studio\2019\Community\VC\Tools\MSVC\14.27.29110\include\vcruntime.h
Nota: inclusión del archivo:    C:\Program Files (x86)\Microsoft Visual Studio\2019\Community\VC\Tools\MSVC\14.27.29110\include\sal.h
Nota: inclusión del archivo:     C:\Program Files (x86)\Microsoft Visual Studio\2019\Community\VC\Tools\MSVC\14.27.29110\include\concurrencysal.h
Nota: inclusión del archivo:    C:\Program Files (x86)\Microsoft Visual Studio\2019\Community\VC\Tools\MSVC\14.27.29110\include\vadefs.h
Nota: inclusión del archivo:  C:\Program Files (x86)\Windows Kits\10\include\10.0.18362.0\ucrt\corecrt_malloc.h
Nota: inclusión del archivo:  C:\Program Files (x86)\Windows Kits\10\include\10.0.18362.0\ucrt\corecrt_search.h
Nota: inclusión del archivo:   C:\Program Files (x86)\Windows Kits\10\include\10.0.18362.0\ucrt\stddef.h
Nota: inclusión del archivo:  C:\Program Files (x86)\Windows Kits\10\include\10.0.18362.0\ucrt\corecrt_wstdlib.h
Nota: inclusión del archivo:  C:\Program Files (x86)\Microsoft Visual Studio\2019\Community\VC\Tools\MSVC\14.27.29110\include\limits.h
[2/2] Linking C executable cmTC_a92bd.exe



Determining if the include file string.h exists passed with the following output:
Change Dir: C:/GitHub/PROYECTO-III-GOT/vcpkg-master/ports/libexif/out/build/x64-Debug (predeterminado)/CMakeFiles/CMakeTmp

Run Build Command(s):C:/Program Files (x86)/Microsoft Visual Studio/2019/Community/Common7/IDE/CommonExtensions/Microsoft/CMake/Ninja/ninja.exe cmTC_4e0d0 && [1/2] Building C object CMakeFiles\cmTC_4e0d0.dir\CheckIncludeFile.c.obj
Nota: inclusión del archivo: C:\Program Files (x86)\Windows Kits\10\include\10.0.18362.0\ucrt\string.h
Nota: inclusión del archivo:  C:\Program Files (x86)\Windows Kits\10\include\10.0.18362.0\ucrt\corecrt.h
Nota: inclusión del archivo:   C:\Program Files (x86)\Microsoft Visual Studio\2019\Community\VC\Tools\MSVC\14.27.29110\include\vcruntime.h
Nota: inclusión del archivo:    C:\Program Files (x86)\Microsoft Visual Studio\2019\Community\VC\Tools\MSVC\14.27.29110\include\sal.h
Nota: inclusión del archivo:     C:\Program Files (x86)\Microsoft Visual Studio\2019\Community\VC\Tools\MSVC\14.27.29110\include\concurrencysal.h
Nota: inclusión del archivo:    C:\Program Files (x86)\Microsoft Visual Studio\2019\Community\VC\Tools\MSVC\14.27.29110\include\vadefs.h
Nota: inclusión del archivo:  C:\Program Files (x86)\Windows Kits\10\include\10.0.18362.0\ucrt\corecrt_memory.h
Nota: inclusión del archivo:   C:\Program Files (x86)\Windows Kits\10\include\10.0.18362.0\ucrt\corecrt_memcpy_s.h
Nota: inclusión del archivo:    C:\Program Files (x86)\Windows Kits\10\include\10.0.18362.0\ucrt\errno.h
Nota: inclusión del archivo:    C:\Program Files (x86)\Microsoft Visual Studio\2019\Community\VC\Tools\MSVC\14.27.29110\include\vcruntime_string.h
Nota: inclusión del archivo:  C:\Program Files (x86)\Windows Kits\10\include\10.0.18362.0\ucrt\corecrt_wstring.h
[2/2] Linking C executable cmTC_4e0d0.exe



Determining if the include file sys/stat.h exists passed with the following output:
Change Dir: C:/GitHub/PROYECTO-III-GOT/vcpkg-master/ports/libexif/out/build/x64-Debug (predeterminado)/CMakeFiles/CMakeTmp

Run Build Command(s):C:/Program Files (x86)/Microsoft Visual Studio/2019/Community/Common7/IDE/CommonExtensions/Microsoft/CMake/Ninja/ninja.exe cmTC_6184f && [1/2] Building C object CMakeFiles\cmTC_6184f.dir\CheckIncludeFile.c.obj
Nota: inclusión del archivo: C:\Program Files (x86)\Windows Kits\10\include\10.0.18362.0\ucrt\sys/stat.h
Nota: inclusión del archivo:  C:\Program Files (x86)\Windows Kits\10\include\10.0.18362.0\ucrt\corecrt.h
Nota: inclusión del archivo:   C:\Program Files (x86)\Microsoft Visual Studio\2019\Community\VC\Tools\MSVC\14.27.29110\include\vcruntime.h
Nota: inclusión del archivo:    C:\Program Files (x86)\Microsoft Visual Studio\2019\Community\VC\Tools\MSVC\14.27.29110\include\sal.h
Nota: inclusión del archivo:     C:\Program Files (x86)\Microsoft Visual Studio\2019\Community\VC\Tools\MSVC\14.27.29110\include\concurrencysal.h
Nota: inclusión del archivo:    C:\Program Files (x86)\Microsoft Visual Studio\2019\Community\VC\Tools\MSVC\14.27.29110\include\vadefs.h
Nota: inclusión del archivo:  C:\Program Files (x86)\Windows Kits\10\include\10.0.18362.0\ucrt\sys/types.h
[2/2] Linking C executable cmTC_6184f.exe



Determining if the include file sys/types.h exists passed with the following output:
Change Dir: C:/GitHub/PROYECTO-III-GOT/vcpkg-master/ports/libexif/out/build/x64-Debug (predeterminado)/CMakeFiles/CMakeTmp

Run Build Command(s):C:/Program Files (x86)/Microsoft Visual Studio/2019/Community/Common7/IDE/CommonExtensions/Microsoft/CMake/Ninja/ninja.exe cmTC_0c313 && [1/2] Building C object CMakeFiles\cmTC_0c313.dir\CheckIncludeFile.c.obj
Nota: inclusión del archivo: C:\Program Files (x86)\Windows Kits\10\include\10.0.18362.0\ucrt\sys/types.h
[2/2] Linking C executable cmTC_0c313.exe



